<?xml version="1.0" encoding="UTF-8"?>
<testng-results skipped="0" failed="0" ignored="0" total="4" passed="4">
  <reporter-output>
  </reporter-output>
  <suite name="Suite" duration-ms="117" started-at="2020-02-19T15:36:35 PST" finished-at="2020-02-19T15:36:35 PST">
    <groups>
    </groups>
    <test name="Test" duration-ms="117" started-at="2020-02-19T15:36:35 PST" finished-at="2020-02-19T15:36:35 PST">
      <class name="qaclickacademy.RESTAPITest">
        <test-method status="PASS" signature="deleteTwitter()[pri:0, instance:qaclickacademy.RESTAPITest@6ebc05a6]" name="deleteTwitter" duration-ms="1" started-at="2020-02-19T15:36:35 PST" finished-at="2020-02-19T15:36:35 PST">
          <reporter-output>
          </reporter-output>
        </test-method> <!-- deleteTwitter -->
        <test-method status="PASS" signature="postJira()[pri:0, instance:qaclickacademy.RESTAPITest@6ebc05a6]" name="postJira" duration-ms="0" started-at="2020-02-19T15:36:35 PST" finished-at="2020-02-19T15:36:35 PST">
          <reporter-output>
          </reporter-output>
        </test-method> <!-- postJira -->
      </class> <!-- qaclickacademy.RESTAPITest -->
      <class name="qaclickacademy.SeleniumTest">
        <test-method status="PASS" signature="BrowserAutomation()[pri:0, instance:qaclickacademy.SeleniumTest@1dfe2924]" name="BrowserAutomation" duration-ms="11" started-at="2020-02-19T15:36:35 PST" finished-at="2020-02-19T15:36:35 PST">
          <reporter-output>
          </reporter-output>
        </test-method> <!-- BrowserAutomation -->
        <test-method status="PASS" signature="elementsUI()[pri:0, instance:qaclickacademy.SeleniumTest@1dfe2924]" name="elementsUI" duration-ms="2" started-at="2020-02-19T15:36:35 PST" finished-at="2020-02-19T15:36:35 PST">
          <reporter-output>
          </reporter-output>
        </test-method> <!-- elementsUI -->
      </class> <!-- qaclickacademy.SeleniumTest -->
    </test> <!-- Test -->
  </suite> <!-- Suite -->
</testng-results>
